{"numFailedTestSuites":5,"numFailedTests":0,"numPassedTestSuites":2,"numPassedTests":3,"numPendingTestSuites":0,"numPendingTests":0,"numRuntimeErrorTestSuites":5,"numTodoTests":0,"numTotalTestSuites":7,"numTotalTests":3,"openHandles":[],"snapshot":{"added":0,"didUpdate":false,"failure":false,"filesAdded":0,"filesRemoved":0,"filesRemovedList":[],"filesUnmatched":0,"filesUpdated":0,"matched":0,"total":0,"unchecked":0,"uncheckedKeysByFile":[],"unmatched":0,"updated":0},"startTime":1726955072411,"success":false,"testResults":[{"assertionResults":[],"coverage":{},"endTime":1726955076034,"message":"  ● Test suite failed to run\n\n    Cannot find module '../../log.js' from 'src/metrics/rampUpTime.ts'\n\n    Require stack:\n      src/metrics/rampUpTime.ts\n      tests/rampUpTime.test.ts\n\n    > 1 | import { logMessage } from '../../log.js';\n        | ^\n      2 | import { GitHubClient } from '../githubClient.js';\n      3 | import * as dotenv from 'dotenv';\n      4 | dotenv.config();\n\n      at Resolver._throwModNotFoundError (node_modules/jest-resolve/build/resolver.js:427:11)\n      at Object.require (src/metrics/rampUpTime.ts:1:1)\n      at Object.<anonymous> (tests/rampUpTime.test.ts:10:3)\n","name":"/home/shay/a/smit4450/461/461Project/tests/rampUpTime.test.ts","startTime":1726955076034,"status":"failed","summary":""},{"assertionResults":[],"coverage":{},"endTime":1726955076034,"message":"  ● Test suite failed to run\n\n    Cannot find module '../../log.js' from 'src/metrics/responsiveness.ts'\n\n    Require stack:\n      src/metrics/responsiveness.ts\n      tests/responsivness.test.ts\n\n    > 1 | import { logMessage } from '../../log.js';\n        | ^\n      2 | import { GitHubClient } from '../githubClient.js';\n      3 | import * as dotenv from 'dotenv';\n      4 | dotenv.config();\n\n      at Resolver._throwModNotFoundError (node_modules/jest-resolve/build/resolver.js:427:11)\n      at Object.require (src/metrics/responsiveness.ts:1:1)\n      at Object.<anonymous> (tests/responsivness.test.ts:9:3)\n","name":"/home/shay/a/smit4450/461/461Project/tests/responsivness.test.ts","startTime":1726955076034,"status":"failed","summary":""},{"assertionResults":[],"coverage":{},"endTime":1726955076034,"message":"  ● Test suite failed to run\n\n    Cannot find module '../../log.js' from 'src/metrics/busFactor.ts'\n\n    Require stack:\n      src/metrics/busFactor.ts\n      tests/busFactor.test.ts\n\n      1 | import { log } from 'console';\n    > 2 | import { logMessage } from '../../log.js';\n        | ^\n      3 | import { GitHubClient } from '../githubClient.js';\n      4 | import * as dotenv from 'dotenv';\n      5 | dotenv.config();\n\n      at Resolver._throwModNotFoundError (node_modules/jest-resolve/build/resolver.js:427:11)\n      at Object.require (src/metrics/busFactor.ts:2:1)\n      at Object.<anonymous> (tests/busFactor.test.ts:10:3)\n","name":"/home/shay/a/smit4450/461/461Project/tests/busFactor.test.ts","startTime":1726955076034,"status":"failed","summary":""},{"assertionResults":[{"ancestorTitles":["License Compatibility"],"duration":7,"failureDetails":[],"failureMessages":[],"fullName":"License Compatibility should return 1 for compatible licenses","invocations":1,"location":null,"numPassingAsserts":1,"retryReasons":[],"status":"passed","title":"should return 1 for compatible licenses"},{"ancestorTitles":["License Compatibility"],"duration":0,"failureDetails":[],"failureMessages":[],"fullName":"License Compatibility should return 0 for incompatible licenses","invocations":1,"location":null,"numPassingAsserts":1,"retryReasons":[],"status":"passed","title":"should return 0 for incompatible licenses"}],"endTime":1726955075429,"message":"","name":"/home/shay/a/smit4450/461/461Project/tests/licenseCompatability.test.ts","startTime":1726955073314,"status":"passed","summary":""},{"assertionResults":[{"ancestorTitles":["Correctness Metric"],"duration":5,"failureDetails":[],"failureMessages":[],"fullName":"Correctness Metric should calculate CAD for a valid repository","invocations":1,"location":null,"numPassingAsserts":1,"retryReasons":[],"status":"passed","title":"should calculate CAD for a valid repository"}],"endTime":1726955075438,"message":"","name":"/home/shay/a/smit4450/461/461Project/tests/correctness.test.ts","startTime":1726955073313,"status":"passed","summary":""},{"assertionResults":[],"coverage":{},"endTime":1726955076034,"message":"  ● Test suite failed to run\n\n    Cannot find module '../../log.js' from 'src/metrics/responsiveness.ts'\n\n    Require stack:\n      src/metrics/responsiveness.ts\n      tests/fullTestSuite.test.ts\n\n    > 1 | import { logMessage } from '../../log.js';\n        | ^\n      2 | import { GitHubClient } from '../githubClient.js';\n      3 | import * as dotenv from 'dotenv';\n      4 | dotenv.config();\n\n      at Resolver._throwModNotFoundError (node_modules/jest-resolve/build/resolver.js:427:11)\n      at Object.require (src/metrics/responsiveness.ts:1:1)\n      at Object.<anonymous> (tests/fullTestSuite.test.ts:1:1)\n","name":"/home/shay/a/smit4450/461/461Project/tests/fullTestSuite.test.ts","startTime":1726955076034,"status":"failed","summary":""},{"assertionResults":[],"coverage":{},"endTime":1726955076034,"message":"  ● Test suite failed to run\n\n    Cannot find module '../../log.js' from 'src/metrics/busFactor.ts'\n\n    Require stack:\n      src/metrics/busFactor.ts\n      tests/testURLs.test.ts\n\n      1 | import { log } from 'console';\n    > 2 | import { logMessage } from '../../log.js';\n        | ^\n      3 | import { GitHubClient } from '../githubClient.js';\n      4 | import * as dotenv from 'dotenv';\n      5 | dotenv.config();\n\n      at Resolver._throwModNotFoundError (node_modules/jest-resolve/build/resolver.js:427:11)\n      at Object.require (src/metrics/busFactor.ts:2:1)\n      at Object.<anonymous> (tests/testURLs.test.ts:10:3)\n","name":"/home/shay/a/smit4450/461/461Project/tests/testURLs.test.ts","startTime":1726955076034,"status":"failed","summary":""}],"wasInterrupted":false,"coverageMap":{"/home/shay/a/smit4450/461/461Project/src/metrics/correctness.ts":{"path":"/home/shay/a/smit4450/461/461Project/src/metrics/correctness.ts","statementMap":{"0":{"start":{"line":5,"column":0},"end":{"line":5,"column":7}},"1":{"start":{"line":1,"column":0},"end":{"line":1,"column":38}},"2":{"start":{"line":2,"column":0},"end":{"line":2,"column":20}},"3":{"start":{"line":6,"column":2},"end":{"line":33,"column":3}},"4":{"start":{"line":8,"column":16},"end":{"line":8,"column":53}},"5":{"start":{"line":10,"column":4},"end":{"line":12,"column":5}},"6":{"start":{"line":11,"column":6},"end":{"line":11,"column":15}},"7":{"start":{"line":15,"column":28},"end":{"line":15,"column":88}},"8":{"start":{"line":16,"column":27},"end":{"line":16,"column":74}},"9":{"start":{"line":19,"column":26},"end":{"line":19,"column":117}},"10":{"start":{"line":22,"column":26},"end":{"line":22,"column":52}},"11":{"start":{"line":25,"column":19},"end":{"line":25,"column":20}},"12":{"start":{"line":26,"column":26},"end":{"line":26,"column":61}},"13":{"start":{"line":28,"column":4},"end":{"line":28,"column":25}},"14":{"start":{"line":30,"column":4},"end":{"line":30,"column":14}}},"fnMap":{"0":{"name":"calculateCAD","decl":{"start":{"line":5,"column":22},"end":{"line":5,"column":34}},"loc":{"start":{"line":5,"column":52},"end":{"line":34,"column":1}}}},"branchMap":{"0":{"loc":{"start":{"line":10,"column":4},"end":{"line":12,"column":5}},"type":"if","locations":[{"start":{"line":10,"column":4},"end":{"line":12,"column":5}}]}},"s":{"0":1,"1":1,"2":1,"3":1,"4":1,"5":1,"6":0,"7":1,"8":1,"9":1,"10":1,"11":1,"12":1,"13":1,"14":0},"f":{"0":1},"b":{"0":[0]}}}}
