<?xml version="1.0" encoding="UTF-8"?>
<coverage generated="1726955128485" clover="3.2.0">
  <project timestamp="1726955128486" name="All files">
    <metrics statements="15" coveredstatements="13" conditionals="1" coveredconditionals="0" methods="1" coveredmethods="1" elements="17" coveredelements="14" complexity="0" loc="15" ncloc="15" packages="1" files="1" classes="1"/>
    <file name="correctness.ts" path="/home/shay/a/smit4450/461/461Project/src/metrics/correctness.ts">
      <metrics statements="15" coveredstatements="13" conditionals="1" coveredconditionals="0" methods="1" coveredmethods="1"/>
      <line num="1" count="1" type="stmt"/>
      <line num="2" count="1" type="stmt"/>
      <line num="5" count="1" type="stmt"/>
      <line num="6" count="1" type="stmt"/>
      <line num="8" count="1" type="stmt"/>
      <line num="10" count="1" type="cond" truecount="0" falsecount="1"/>
      <line num="11" count="0" type="stmt"/>
      <line num="15" count="1" type="stmt"/>
      <line num="16" count="1" type="stmt"/>
      <line num="19" count="1" type="stmt"/>
      <line num="22" count="1" type="stmt"/>
      <line num="25" count="1" type="stmt"/>
      <line num="26" count="1" type="stmt"/>
      <line num="28" count="1" type="stmt"/>
      <line num="30" count="0" type="stmt"/>
    </file>
  </project>
</coverage>
