{"/home/shay/a/smit4450/461/461Project/src/metrics/correctness.ts": {"path":"/home/shay/a/smit4450/461/461Project/src/metrics/correctness.ts","statementMap":{"0":{"start":{"line":5,"column":0},"end":{"line":5,"column":7}},"1":{"start":{"line":1,"column":0},"end":{"line":1,"column":38}},"2":{"start":{"line":2,"column":0},"end":{"line":2,"column":20}},"3":{"start":{"line":6,"column":2},"end":{"line":33,"column":3}},"4":{"start":{"line":8,"column":16},"end":{"line":8,"column":53}},"5":{"start":{"line":10,"column":4},"end":{"line":12,"column":5}},"6":{"start":{"line":11,"column":6},"end":{"line":11,"column":15}},"7":{"start":{"line":15,"column":28},"end":{"line":15,"column":88}},"8":{"start":{"line":16,"column":27},"end":{"line":16,"column":74}},"9":{"start":{"line":19,"column":26},"end":{"line":19,"column":117}},"10":{"start":{"line":22,"column":26},"end":{"line":22,"column":52}},"11":{"start":{"line":25,"column":19},"end":{"line":25,"column":20}},"12":{"start":{"line":26,"column":26},"end":{"line":26,"column":61}},"13":{"start":{"line":28,"column":4},"end":{"line":28,"column":25}},"14":{"start":{"line":30,"column":4},"end":{"line":30,"column":14}}},"fnMap":{"0":{"name":"calculateCAD","decl":{"start":{"line":5,"column":22},"end":{"line":5,"column":34}},"loc":{"start":{"line":5,"column":52},"end":{"line":34,"column":1}}}},"branchMap":{"0":{"loc":{"start":{"line":10,"column":4},"end":{"line":12,"column":5}},"type":"if","locations":[{"start":{"line":10,"column":4},"end":{"line":12,"column":5}}]}},"s":{"0":1,"1":1,"2":1,"3":1,"4":1,"5":1,"6":0,"7":1,"8":1,"9":1,"10":1,"11":1,"12":1,"13":1,"14":0},"f":{"0":1},"b":{"0":[0]}}
}
